Wed Aug 13 07:14:10 MDT 2025: Daily Workflow completed
Thu Aug 14 05:00:20 MDT 2025: Daily Workflow completed
Fri Aug 15 05:01:39 MDT 2025: Daily Workflow completed
Sat Aug 16 05:02:53 MDT 2025: Daily Workflow completed
Sun Aug 17 05:01:54 MDT 2025: Daily Workflow completed
Mon Aug 18 05:00:03 MDT 2025: Daily Workflow completed
Tue Aug 19 05:14:55 MDT 2025: Daily Workflow completed
Wed Aug 20 05:11:44 MDT 2025: Daily Workflow completed
Thu Aug 21 05:00:23 MDT 2025: Daily Workflow completed
Fri Aug 22 05:00:22 MDT 2025: Daily Workflow completed
Sat Aug 23 05:01:22 MDT 2025: Daily Workflow completed
Sun Aug 24 05:00:18 MDT 2025: Daily Workflow completed
Mon Aug 25 05:00:06 MDT 2025: Daily Workflow completed
Tue Aug 26 05:00:06 MDT 2025: Daily Workflow completed
Wed Aug 27 05:00:53 MDT 2025: Daily Workflow completed
Thu Aug 28 05:02:20 MDT 2025: Daily Workflow completed
Fri Aug 29 05:01:54 MDT 2025: Daily Workflow completed
Sat Aug 30 05:01:56 MDT 2025: Daily Workflow completed
Sun Aug 31 05:02:05 MDT 2025: Daily Workflow completed
Mon Sep  1 01:31:04 MDT 2025: Daily Workflow completed
Mon Sep  1 05:02:21 MDT 2025: Daily Workflow completed
Tue Sep  2 05:02:06 MDT 2025: Daily Workflow completed
Wed Sep  3 05:02:10 MDT 2025: Daily Workflow completed
Thu Sep  4 05:02:19 MDT 2025: Daily Workflow completed
Fri Sep  5 05:02:17 MDT 2025: Daily Workflow completed
Sat Sep  6 05:02:19 MDT 2025: Daily Workflow completed
Sun Sep  7 05:02:12 MDT 2025: Daily Workflow completed
Mon Sep  8 05:02:40 MDT 2025: Daily Workflow completed
Tue Sep  9 05:02:29 MDT 2025: Daily Workflow completed
Wed Sep 10 05:02:19 MDT 2025: Daily Workflow completed
Thu Sep 11 05:02:29 MDT 2025: Daily Workflow completed
Fri Sep 12 05:02:50 MDT 2025: Daily Workflow completed
Sat Sep 13 05:02:20 MDT 2025: Daily Workflow completed
Sun Sep 14 05:02:26 MDT 2025: Daily Workflow completed
Mon Sep 15 05:02:08 MDT 2025: Daily Workflow completed
Mon Sep 15 05:47:27 MDT 2025: Daily Workflow completed
Tue Sep 16 05:02:35 MDT 2025: Daily Workflow completed
Tue Sep 16 09:45:24 MDT 2025: Daily Workflow completed
Tue Sep 16 13:33:33 MDT 2025: Daily Workflow completed
Tue Sep 16 15:02:48 MDT 2025: Daily Workflow completed
Tue Sep 16 15:09:00 MDT 2025: Daily Workflow completed
Tue Sep 16 17:13:41 MDT 2025: Daily Workflow completed
Wed Sep 17 05:02:25 MDT 2025: Daily Workflow completed
Wed Sep 17 12:40:19 MDT 2025: Daily Workflow completed
Wed Sep 17 12:49:58 MDT 2025: Daily Workflow completed
Wed Sep 17 12:50:30 MDT 2025: Daily Workflow completed
Thu Sep 18 05:02:37 MDT 2025: Daily Workflow completed
Fri Sep 19 05:01:54 MDT 2025: Daily Workflow completed
Wed Oct  1 09:02:13 MDT 2025: Daily Workflow completed
Thu Oct  2 05:00:09 MDT 2025: Daily Workflow completed
